<?xml version="1.0" encoding="utf-8"?><testsuites name="pytest tests"><testsuite name="pytest" errors="0" failures="0" skipped="0" tests="8" time="26.251" timestamp="2026-07-26T13:49:15.642013+00:00" hostname="agent-env-b706f9f1-f89a-48b1-a77a-5f9e3ee35248"><testcase classname="tests.test_ai" name="test_ai_status_requires_auth" time="0.255" /><testcase classname="tests.test_ai" name="test_ai_status_forbidden_for_customer" time="0.493" /><testcase classname="tests.test_ai" name="test_ai_rewrite_requires_auth" time="0.101" /><testcase classname="tests.test_ai" name="test_ai_status_ok" time="0.423" /><testcase classname="tests.test_ai" name="test_ai_rewrite_product" time="10.620" /><testcase classname="tests.test_ai" name="test_ai_product_score" time="2.602" /><testcase classname="tests.test_ai" name="test_ai_analyze" time="4.436" /><testcase classname="tests.test_ai" name="test_ai_generate_image" time="6.726" /></testsuite></testsuites>