<?xml version="1.0" encoding="utf-8"?><testsuites name="pytest tests"><testsuite name="pytest" errors="0" failures="0" skipped="1" tests="27" time="16.713" timestamp="2026-07-26T14:14:18.740507+00:00" hostname="agent-env-b706f9f1-f89a-48b1-a77a-5f9e3ee35248"><testcase classname="tests.test_erp_phase2" name="test_suppliers_requires_auth" time="0.500" /><testcase classname="tests.test_erp_phase2.TestRules" name="test_create_rule_invalid_cond_type" time="0.603" /><testcase classname="tests.test_erp_phase2.TestRules" name="test_create_rule_invalid_action" time="0.264" /><testcase classname="tests.test_erp_phase2.TestRules" name="test_create_rule_ok" time="0.111" /><testcase classname="tests.test_erp_phase2" name="test_rules_forbidden_for_customer" time="0.556" /><testcase classname="tests.test_erp_phase2.TestRules" name="test_list_rules" time="0.103" /><testcase classname="tests.test_erp_phase2" name="test_alerts_requires_auth" time="0.129" /><testcase classname="tests.test_erp_phase2.TestRules" name="test_run_rules" time="0.110" /><testcase classname="tests.test_erp_phase2" name="test_analytics_forbidden_for_customer" time="0.098" /><testcase classname="tests.test_erp_phase2.TestRules" name="test_delete_rule" time="0.165" /><testcase classname="tests.test_erp_phase2.TestSuppliers" name="test_create_supplier" time="0.258" /><testcase classname="tests.test_erp_phase2" name="test_list_alerts" time="0.434" /><testcase classname="tests.test_erp_phase2.TestSuppliers" name="test_list_suppliers" time="0.099" /><testcase classname="tests.test_erp_phase2.TestSuppliers" name="test_compare_suppliers_sorted" time="0.138" /><testcase classname="tests.test_erp_phase2" name="test_clear_alerts" time="0.199" /><testcase classname="tests.test_erp_phase2.TestSuppliers" name="test_update_supplier" time="0.106" /><testcase classname="tests.test_erp_phase2" name="test_resolve_alert_idempotent" time="0.101"><skipped type="pytest.skip" message="no alerts to resolve">/app/backend/tests/test_erp_phase2.py:189: no alerts to resolve</skipped></testcase><testcase classname="tests.test_erp_phase2.TestSuppliers" name="test_delete_supplier" time="0.196" /><testcase classname="tests.test_erp_phase2" name="test_settings_ad_spend_persists" time="0.122" /><testcase classname="tests.test_erp_phase2" name="test_analytics_enriched" time="0.105" /><testcase classname="tests.test_erp_phase2.TestEnrichedProduct" name="test_create_product_enriched" time="0.156" /><testcase classname="tests.test_erp_phase2" name="test_analytics_reset_ad_spend" time="0.103" /><testcase classname="tests.test_erp_phase2.TestEnrichedProduct" name="test_get_product_returns_enriched" time="0.130" /><testcase classname="tests.test_erp_phase2" name="test_ai_optimize_one_click" time="13.551" /><testcase classname="tests.test_erp_phase2.TestEnrichedProduct" name="test_update_preserves_enriched" time="0.693" /><testcase classname="tests.test_erp_phase2.TestEnrichedProduct" name="test_cleanup_product" time="0.094" /><testcase classname="tests.test_erp_phase2" name="test_cj_import_bulk_accepts_optimize_flag" time="0.108" /></testsuite></testsuites>