<?xml version="1.0" encoding="utf-8"?><testsuites name="pytest tests"><testsuite name="pytest" errors="0" failures="0" skipped="0" tests="68" time="14.645" timestamp="2026-07-26T00:56:23.549172+00:00" hostname="agent-env-9fd174b8-2cc1-46e6-973a-987b82ced5ec"><testcase classname="tests.test_backoffice.TestReturns" name="test_returns_requires_auth" time="0.135" /><testcase classname="tests.test_blog_contact" name="test_public_blog_list_has_seeded_posts" time="0.137" /><testcase classname="tests.test_blog_contact" name="test_public_blog_get_by_slug" time="0.347" /><testcase classname="tests.test_blog_contact" name="test_public_blog_get_404" time="0.095" /><testcase classname="tests.test_blog_contact" name="test_post_contact_public" time="0.164" /><testcase classname="tests.test_blog_contact" name="test_admin_contacts_list_contains_submitted" time="0.477" /><testcase classname="tests.test_blog_contact" name="test_admin_contacts_requires_auth" time="0.095" /><testcase classname="tests.test_blog_contact" name="test_admin_upload_image" time="0.222" /><testcase classname="tests.test_blog_contact" name="test_admin_upload_requires_auth" time="0.107" /><testcase classname="tests.test_blog_contact" name="test_admin_create_blog" time="0.096" /><testcase classname="tests.test_backoffice.TestReturns" name="test_return_on_unpaid_returns_400" time="1.779" /><testcase classname="tests.test_blog_contact" name="test_public_can_see_created_post" time="0.106" /><testcase classname="tests.test_blog_contact" name="test_admin_update_blog" time="0.143" /><testcase classname="tests.test_blog_contact" name="test_admin_delete_blog" time="0.334" /><testcase classname="tests.test_blog_contact" name="test_admin_blog_requires_auth" time="0.103" /><testcase classname="tests.test_backoffice.TestReturns" name="test_return_full_flow" time="1.133" /><testcase classname="tests.test_blog_contact" name="test_products_list_still_works" time="0.105" /><testcase classname="tests.test_ereporting_invoice.TestEReporting" name="test_requires_admin" time="0.460" /><testcase classname="tests.test_backoffice.TestReturns" name="test_admin_returns_requires_auth" time="0.272" /><testcase classname="tests.test_ereporting_invoice.TestEReporting" name="test_json_shape" time="0.417" /><testcase classname="tests.test_backoffice.TestReturns" name="test_return_reject_flow" time="0.376" /><testcase classname="tests.test_ereporting_invoice.TestEReporting" name="test_csv_format" time="0.096" /><testcase classname="tests.test_ereporting_invoice.TestEReporting" name="test_aggregation_franchise" time="0.775" /><testcase classname="tests.test_backoffice.TestReturns" name="test_return_invalid_action" time="0.295" /><testcase classname="tests.test_extras.TestPromo" name="test_validate_welcome10" time="0.098" /><testcase classname="tests.test_extras.TestPromo" name="test_validate_invalid_code" time="0.092" /><testcase classname="tests.test_extras.TestPromo" name="test_validate_case_insensitive" time="0.097" /><testcase classname="tests.test_ereporting_invoice.TestEReporting" name="test_aggregation_assujetti_20pct" time="0.985" /><testcase classname="tests.test_extras.TestPromo" name="test_admin_promo_crud" time="0.926" /><testcase classname="tests.test_extras.TestPromo" name="test_admin_promo_requires_auth" time="0.131" /><testcase classname="tests.test_backoffice.TestAnalytics" name="test_pageview_increments" time="0.186" /><testcase classname="tests.test_backoffice.TestAnalytics" name="test_pageview_no_auth_needed" time="0.092" /><testcase classname="tests.test_backoffice.TestAnalytics" name="test_admin_analytics_requires_auth" time="0.132" /><testcase classname="tests.test_backoffice.TestAnalytics" name="test_admin_analytics_shape" time="0.428" /><testcase classname="tests.test_backoffice.TestStockSync" name="test_sync_stock_requires_admin" time="1.375" /><testcase classname="tests.test_backoffice.TestStockSync" name="test_sync_stock_all_requires_admin" time="0.133" /><testcase classname="tests.test_backoffice.TestStockSync" name="test_sync_stock_single" time="0.606" /><testcase classname="tests.test_backoffice.TestStockSync" name="test_sync_stock_all" time="0.091" /><testcase classname="tests.test_ereporting_invoice.TestInvoiceNumbering" name="test_invoice_idempotent_same_number" time="1.294" /><testcase classname="tests.test_backoffice.TestInvoice" name="test_invoice_requires_auth" time="2.186" /><testcase classname="tests.test_backoffice.TestInvoice" name="test_invoice_unpaid_returns_400" time="0.095" /><testcase classname="tests.test_backoffice.TestInvoice" name="test_invoice_non_owner_forbidden" time="0.421" /><testcase classname="tests.test_backoffice.TestInvoice" name="test_invoice_paid_order" time="0.103" /><testcase classname="tests.test_ereporting_invoice.TestInvoiceNumbering" name="test_two_orders_sequential_and_different" time="0.953" /><testcase classname="tests.test_backoffice.TestCJWebhook" name="test_webhook_accepts_body" time="0.110" /><testcase classname="tests.test_backoffice.TestCJWebhook" name="test_webhook_empty_body" time="0.133" /><testcase classname="tests.test_backoffice.TestCJWebhook" name="test_sitemap_still_ok" time="0.096" /><testcase classname="tests.test_ereporting_invoice.TestSettingsLegal" name="test_settings_include_legal_defaults" time="0.094" /><testcase classname="tests.test_ereporting_invoice.TestSettingsLegal" name="test_put_and_persist_legal_fields" time="0.720" /><testcase classname="tests.test_ereporting_invoice.TestInvoiceNumbering" name="test_unpaid_returns_400" time="0.363" /><testcase classname="tests.test_ereporting_invoice.TestInvoiceNumbering" name="test_non_owner_forbidden" time="0.850" /><testcase classname="tests.test_ereporting_invoice.TestSettingsLegal" name="test_put_requires_admin" time="0.447" /><testcase classname="tests.test_ereporting_invoice.TestStockSyncEndpoints" name="test_sync_all_admin_ok" time="0.098" /><testcase classname="tests.test_ereporting_invoice.TestStockSyncEndpoints" name="test_sync_single_admin_ok" time="0.573" /><testcase classname="tests.test_extras.TestSettings" name="test_get_settings_public" time="0.104" /><testcase classname="tests.test_ereporting_invoice.TestStockSyncEndpoints" name="test_sync_requires_admin" time="0.248" /><testcase classname="tests.test_extras.TestSettings" name="test_update_settings_admin" time="0.523" /><testcase classname="tests.test_extras.TestWishlist" name="test_wishlist_requires_auth" time="0.109" /><testcase classname="tests.test_extras.TestSettings" name="test_update_settings_requires_admin" time="0.093" /><testcase classname="tests.test_extras.TestWishlist" name="test_wishlist_toggle_requires_auth" time="0.184" /><testcase classname="tests.test_extras.TestRelated" name="test_related_returns_items" time="0.427" /><testcase classname="tests.test_extras.TestWishlist" name="test_wishlist_toggle_add_then_remove" time="0.696" /><testcase classname="tests.test_extras.TestRelated" name="test_related_bad_id_returns_empty" time="0.134" /><testcase classname="tests.test_ereporting_invoice.TestBackgroundLoops" name="test_backend_healthy_and_loops_gated_by_env" time="0.090" /><testcase classname="tests.test_extras.TestOrderPromo" name="test_order_applies_promo_discount" time="0.556" /><testcase classname="tests.test_extras.TestSitemap" name="test_sitemap_includes_new_paths" time="0.101" /><testcase classname="tests.test_backoffice.TestProductEnrich" name="test_product_detail_shape" time="1.252" /><testcase classname="tests.test_extras.TestFeaturedReviews" name="test_featured_reviews_endpoint" time="0.099" /></testsuite></testsuites>