<?xml version="1.0" encoding="utf-8"?><testsuites name="pytest tests"><testsuite name="pytest" errors="0" failures="0" skipped="0" tests="16" time="2.786" timestamp="2026-07-25T22:55:54.173799+00:00" hostname="agent-env-9fd174b8-2cc1-46e6-973a-987b82ced5ec"><testcase classname="tests.test_extras.TestSettings" name="test_get_settings_public" time="0.260" /><testcase classname="tests.test_extras.TestPromo" name="test_validate_welcome10" time="0.223" /><testcase classname="tests.test_extras.TestPromo" name="test_validate_invalid_code" time="0.107" /><testcase classname="tests.test_extras.TestPromo" name="test_validate_case_insensitive" time="0.288" /><testcase classname="tests.test_extras.TestSettings" name="test_update_settings_admin" time="0.732" /><testcase classname="tests.test_extras.TestPromo" name="test_admin_promo_crud" time="1.151" /><testcase classname="tests.test_extras.TestSettings" name="test_update_settings_requires_admin" time="0.106" /><testcase classname="tests.test_extras.TestWishlist" name="test_wishlist_requires_auth" time="0.102" /><testcase classname="tests.test_extras.TestWishlist" name="test_wishlist_toggle_requires_auth" time="0.235" /><testcase classname="tests.test_extras.TestWishlist" name="test_wishlist_toggle_add_then_remove" time="0.626" /><testcase classname="tests.test_extras.TestPromo" name="test_admin_promo_requires_auth" time="0.108" /><testcase classname="tests.test_extras.TestRelated" name="test_related_returns_items" time="0.190" /><testcase classname="tests.test_extras.TestFeaturedReviews" name="test_featured_reviews_endpoint" time="0.095" /><testcase classname="tests.test_extras.TestRelated" name="test_related_bad_id_returns_empty" time="0.111" /><testcase classname="tests.test_extras.TestOrderPromo" name="test_order_applies_promo_discount" time="0.108" /><testcase classname="tests.test_extras.TestSitemap" name="test_sitemap_includes_new_paths" time="0.099" /></testsuite></testsuites>