<?xml version="1.0" encoding="utf-8"?><testsuites name="pytest tests"><testsuite name="pytest" errors="0" failures="0" skipped="0" tests="22" time="5.168" timestamp="2026-07-26T00:19:16.835561+00:00" hostname="agent-env-9fd174b8-2cc1-46e6-973a-987b82ced5ec"><testcase classname="tests.test_backoffice.TestReturns" name="test_returns_requires_auth" time="0.192" /><testcase classname="tests.test_backoffice.TestAnalytics" name="test_pageview_increments" time="0.224" /><testcase classname="tests.test_backoffice.TestAnalytics" name="test_pageview_no_auth_needed" time="0.290" /><testcase classname="tests.test_backoffice.TestAnalytics" name="test_admin_analytics_requires_auth" time="0.141" /><testcase classname="tests.test_backoffice.TestAnalytics" name="test_admin_analytics_shape" time="0.432" /><testcase classname="tests.test_backoffice.TestReturns" name="test_return_on_unpaid_returns_400" time="1.785" /><testcase classname="tests.test_backoffice.TestStockSync" name="test_sync_stock_requires_admin" time="1.378" /><testcase classname="tests.test_backoffice.TestReturns" name="test_return_full_flow" time="0.952" /><testcase classname="tests.test_backoffice.TestStockSync" name="test_sync_stock_all_requires_admin" time="0.103" /><testcase classname="tests.test_backoffice.TestStockSync" name="test_sync_stock_single" time="0.445" /><testcase classname="tests.test_backoffice.TestReturns" name="test_admin_returns_requires_auth" time="0.138" /><testcase classname="tests.test_backoffice.TestStockSync" name="test_sync_stock_all" time="0.124" /><testcase classname="tests.test_backoffice.TestReturns" name="test_return_reject_flow" time="0.500" /><testcase classname="tests.test_backoffice.TestReturns" name="test_return_invalid_action" time="0.360" /><testcase classname="tests.test_backoffice.TestInvoice" name="test_invoice_requires_auth" time="0.613" /><testcase classname="tests.test_backoffice.TestInvoice" name="test_invoice_unpaid_returns_400" time="0.136" /><testcase classname="tests.test_backoffice.TestInvoice" name="test_invoice_non_owner_forbidden" time="0.431" /><testcase classname="tests.test_backoffice.TestCJWebhook" name="test_webhook_accepts_body" time="0.282" /><testcase classname="tests.test_backoffice.TestCJWebhook" name="test_webhook_empty_body" time="0.094" /><testcase classname="tests.test_backoffice.TestCJWebhook" name="test_sitemap_still_ok" time="0.098" /><testcase classname="tests.test_backoffice.TestInvoice" name="test_invoice_paid_order" time="0.146" /><testcase classname="tests.test_backoffice.TestProductEnrich" name="test_product_detail_shape" time="0.000" /></testsuite></testsuites>