<?xml version="1.0" encoding="utf-8"?><testsuites name="pytest tests"><testsuite name="pytest" errors="0" failures="0" skipped="0" tests="14" time="2.887" timestamp="2026-07-25T22:02:35.406201+00:00" hostname="agent-env-9fd174b8-2cc1-46e6-973a-987b82ced5ec"><testcase classname="tests.test_blog_contact" name="test_public_blog_list_has_seeded_posts" time="0.205" /><testcase classname="tests.test_blog_contact" name="test_public_blog_get_by_slug" time="0.295" /><testcase classname="tests.test_blog_contact" name="test_public_blog_get_404" time="0.136" /><testcase classname="tests.test_blog_contact" name="test_post_contact_public" time="0.118" /><testcase classname="tests.test_blog_contact" name="test_admin_contacts_list_contains_submitted" time="0.431" /><testcase classname="tests.test_blog_contact" name="test_admin_contacts_requires_auth" time="0.140" /><testcase classname="tests.test_blog_contact" name="test_admin_upload_image" time="0.249" /><testcase classname="tests.test_blog_contact" name="test_admin_upload_requires_auth" time="0.096" /><testcase classname="tests.test_blog_contact" name="test_admin_create_blog" time="0.101" /><testcase classname="tests.test_blog_contact" name="test_public_can_see_created_post" time="0.119" /><testcase classname="tests.test_blog_contact" name="test_admin_update_blog" time="0.098" /><testcase classname="tests.test_blog_contact" name="test_admin_delete_blog" time="0.227" /><testcase classname="tests.test_blog_contact" name="test_admin_blog_requires_auth" time="0.102" /><testcase classname="tests.test_blog_contact" name="test_products_list_still_works" time="0.099" /></testsuite></testsuites>