<?xml version="1.0" encoding="utf-8"?><testsuites name="pytest tests"><testsuite name="pytest" errors="0" failures="0" skipped="0" tests="6" time="3.599" timestamp="2026-09-09T21:38:10.184379+00:00" hostname="agent-env-b706f9f1-f89a-48b1-a77a-5f9e3ee35248"><testcase classname="tests.test_lot1" name="test_get_profile_initial" time="0.608" /><testcase classname="tests.test_lot1" name="test_update_profile_then_get" time="0.305" /><testcase classname="tests.test_lot1" name="test_account_message_and_admin_reply" time="1.429" /><testcase classname="tests.test_lot1" name="test_sync_specs_cj_product" time="0.651" /><testcase classname="tests.test_lot1" name="test_account_message_requires_auth" time="0.131" /><testcase classname="tests.test_lot1" name="test_profile_requires_auth" time="0.128" /></testsuite></testsuites>