<?xml version="1.0" encoding="utf-8"?><testsuites name="pytest tests"><testsuite name="pytest" errors="0" failures="0" skipped="0" tests="21" time="9.947" timestamp="2026-07-26T16:13:58.152604+00:00" hostname="agent-env-b706f9f1-f89a-48b1-a77a-5f9e3ee35248"><testcase classname="tests.test_new_modules.TestRBAC" name="test_stores_requires_auth" time="2.636" /><testcase classname="tests.test_new_modules.TestRBAC" name="test_documents_requires_auth" time="0.256" /><testcase classname="tests.test_new_modules.TestStores" name="test_create" time="3.097" /><testcase classname="tests.test_new_modules.TestRBAC" name="test_predict_forecast_requires_auth" time="0.118" /><testcase classname="tests.test_new_modules.TestRBAC" name="test_import_url_requires_auth" time="0.141" /><testcase classname="tests.test_new_modules.TestStores" name="test_list" time="0.131" /><testcase classname="tests.test_new_modules.TestStores" name="test_update" time="0.418" /><testcase classname="tests.test_new_modules.TestStores" name="test_catalog" time="0.130" /><testcase classname="tests.test_new_modules.TestStores" name="test_public_store" time="0.122" /><testcase classname="tests.test_new_modules.TestStores" name="test_delete" time="0.258" /><testcase classname="tests.test_new_modules.TestPredict" name="test_forecast" time="0.143" /><testcase classname="tests.test_new_modules.TestDocuments" name="test_upload" time="1.153" /><testcase classname="tests.test_new_modules.TestPredict" name="test_pricing_suggestions" time="0.122" /><testcase classname="tests.test_new_modules.TestDocuments" name="test_list_with_by_category" time="0.121" /><testcase classname="tests.test_new_modules.TestPredict" name="test_apply_price" time="0.216" /><testcase classname="tests.test_new_modules.TestDocuments" name="test_download" time="0.112" /><testcase classname="tests.test_new_modules.TestDocuments" name="test_delete" time="0.277" /><testcase classname="tests.test_new_modules.TestPredict" name="test_ai_price" time="3.727" /><testcase classname="tests.test_new_modules.TestImports" name="test_csv_import" time="0.224" /><testcase classname="tests.test_new_modules.TestImports" name="test_url_import_bad_url" time="0.148" /><testcase classname="tests.test_new_modules.TestImports" name="test_url_import_public_page" time="0.268" /></testsuite></testsuites>