<?xml version="1.0" encoding="utf-8"?><testsuites name="pytest tests"><testsuite name="pytest" errors="0" failures="1" skipped="0" tests="24" time="6.448" timestamp="2026-07-26T15:08:00.708233+00:00" hostname="agent-env-b706f9f1-f89a-48b1-a77a-5f9e3ee35248"><testcase classname="tests.test_phase4_security.TestRBACMarketing" name="test_marketing_can_access_analytics" time="1.510" /><testcase classname="tests.test_phase4_security.TestStaffCRUD" name="test_create_staff_invalid_role" time="1.500" /><testcase classname="tests.test_phase4_security.TestStaffCRUD" name="test_create_staff_ok_then_duplicate" time="0.453" /><testcase classname="tests.test_phase4_security.TestRBACMarketing" name="test_marketing_can_access_campaigns" time="0.344" /><testcase classname="tests.test_phase4_security.TestRBACMarketing" name="test_marketing_can_access_customers" time="0.145" /><testcase classname="tests.test_phase4_security.TestStaffCRUD" name="test_list_shows_created" time="0.103" /><testcase classname="tests.test_phase4_security.TestRBACMarketing" name="test_marketing_cannot_access_orders" time="0.111" /><testcase classname="tests.test_phase4_security.TestStaffCRUD" name="test_change_role" time="0.111" /><testcase classname="tests.test_phase4_security.TestRBACMarketing" name="test_marketing_cannot_access_staff" time="0.123" /><testcase classname="tests.test_phase4_security.TestStaffCRUD" name="test_cannot_change_own_role" time="0.268" /><testcase classname="tests.test_phase4_security.TestRBACMarketing" name="test_marketing_cannot_put_settings" time="0.114" /><testcase classname="tests.test_phase4_security.TestRBACMarketing" name="test_marketing_cannot_access_login_journal" time="0.112" /><testcase classname="tests.test_phase4_security.TestStaffCRUD" name="test_delete_nonexistent" time="0.110" /><testcase classname="tests.test_phase4_security.TestPermissions" name="test_marketing_permissions" time="0.151" /><testcase classname="tests.test_phase4_security.TestStaffCRUD" name="test_delete_created" time="0.110" /><testcase classname="tests.test_phase4_security.TestRBACAdmin" name="test_admin_can_access_orders" time="0.302" /><testcase classname="tests.test_phase4_security.TestPermissions" name="test_admin_permissions_all" time="0.449" /><testcase classname="tests.test_phase4_security.TestRBACAdmin" name="test_admin_can_access_staff" time="0.155" /><testcase classname="tests.test_phase4_security.TestRBACAdmin" name="test_admin_can_access_login_journal" time="0.288" /><testcase classname="tests.test_phase4_security.TestPermissions" name="test_customer_permissions_empty" time="0.440" /><testcase classname="tests.test_phase4_security.TestLoginJournal" name="test_journal_records_failed_and_success" time="1.362" /><testcase classname="tests.test_phase4_security.TestRBACCustomer" name="test_customer_blocked_from_admin_endpoints" time="0.902" /><testcase classname="tests.test_phase4_security.TestRBACCustomer" name="test_customer_login_returns_normal_token" time="0.357" /><testcase classname="tests.test_phase4_security.TestTwoFAFlow" name="test_full_2fa_flow" time="0.570"><failure message="AssertionError: login failed test_2fa_6d6459d5@invovix.test: 422 {&quot;detail&quot;:[{&quot;type&quot;:&quot;value_error&quot;,&quot;loc&quot;:[&quot;body&quot;,&quot;email&quot;],&quot;msg&quot;:&quot;value is not a valid email address: The part after the @-sign is a special-use or reserved name that cannot be used with email.&quot;,&quot;input&quot;:&quot;test_2fa_6d6459d5@invovix.test&quot;,&quot;ctx&quot;:{&quot;reason&quot;:&quot;The part after the @-sign is a special-use or reserved name that cannot be used with email.&quot;}}]}&#10;assert 422 == 200&#10; +  where 422 = &lt;Response [422]&gt;.status_code">tests/test_phase4_security.py:277: in test_full_2fa_flow
    tok = _token(email, password)
          ^^^^^^^^^^^^^^^^^^^^^^^
tests/test_phase4_security.py:41: in _token
    assert r.status_code == 200, f"login failed {email}: {r.status_code} {r.text}"
E   AssertionError: login failed test_2fa_6d6459d5@invovix.test: 422 {"detail":[{"type":"value_error","loc":["body","email"],"msg":"value is not a valid email address: The part after the @-sign is a special-use or reserved name that cannot be used with email.","input":"test_2fa_6d6459d5@invovix.test","ctx":{"reason":"The part after the @-sign is a special-use or reserved name that cannot be used with email."}}]}
E   assert 422 == 200
E    +  where 422 = &lt;Response [422]&gt;.status_code</failure></testcase></testsuite></testsuites>