<?xml version="1.0" encoding="utf-8"?><testsuites name="pytest tests"><testsuite name="pytest" errors="0" failures="0" skipped="0" tests="24" time="8.071" timestamp="2026-07-26T14:43:10.381274+00:00" hostname="agent-env-b706f9f1-f89a-48b1-a77a-5f9e3ee35248"><testcase classname="tests.test_erp_phase3" name="test_customers_requires_auth" time="0.276" /><testcase classname="tests.test_erp_phase3" name="test_customers_forbidden_for_customer" time="0.465" /><testcase classname="tests.test_erp_phase3" name="test_bundles_admin_requires_auth" time="0.107" /><testcase classname="tests.test_erp_phase3" name="test_flash_admin_requires_auth" time="0.104" /><testcase classname="tests.test_erp_phase3" name="test_campaigns_requires_auth" time="0.104" /><testcase classname="tests.test_erp_phase3" name="test_abandoned_requires_auth" time="0.102" /><testcase classname="tests.test_erp_phase3" name="test_list_customers" time="0.447" /><testcase classname="tests.test_erp_phase3" name="test_customers_segments_and_search" time="0.479" /><testcase classname="tests.test_erp_phase3" name="test_customer_detail" time="0.222" /><testcase classname="tests.test_erp_phase3" name="test_customer_detail_404" time="0.098" /><testcase classname="tests.test_erp_phase3" name="test_loyalty_customer" time="0.097" /><testcase classname="tests.test_erp_phase3" name="test_loyalty_requires_auth" time="0.107" /><testcase classname="tests.test_erp_phase3" name="test_abandoned_list" time="0.101" /><testcase classname="tests.test_erp_phase3" name="test_abandoned_remind_404" time="0.099" /><testcase classname="tests.test_erp_phase3" name="test_abandoned_run" time="1.010" /><testcase classname="tests.test_erp_phase3" name="test_segment_counts" time="0.098" /><testcase classname="tests.test_erp_phase3" name="test_campaign_invalid_segment" time="0.105" /><testcase classname="tests.test_erp_phase3" name="test_campaign_create_and_list" time="1.519" /><testcase classname="tests.test_erp_phase3" name="test_bundle_crud" time="0.671" /><testcase classname="tests.test_erp_phase3" name="test_flash_invalid_scope" time="0.102" /><testcase classname="tests.test_erp_phase3" name="test_flash_crud_and_apply" time="0.519" /><testcase classname="tests.test_erp_phase3" name="test_notifications_test_dummy" time="0.268" /><testcase classname="tests.test_erp_phase3" name="test_notifications_test_empty" time="0.106" /><testcase classname="tests.test_erp_phase3" name="test_settings_and_analytics_roas" time="0.219" /></testsuite></testsuites>